[2016-03-26 10:31:52] START
[2016-03-26 10:32:41] EDIT test2/models/db.py: 3
[2016-03-26 10:32:49] EDIT test2/models/db.py: 0
[2016-03-26 10:33:04] CREATE db1.py: 0
[2016-03-26 10:33:43] EDIT test2/models/db1.py: 7
[2016-03-26 10:34:05] EDIT test2/models/menu.py: -82
[2016-03-26 10:34:27] EDIT test2/controllers/default.py: 35
[2016-03-26 10:35:26] CREATE default/Details.html: 0
[2016-03-26 10:35:42] CREATE default/My_Recipies.html: 0
[2016-03-26 10:36:19] CREATE default/posts.html: 0
[2016-03-26 10:36:57] EDIT test2/views/default/Details.html: 5
[2016-03-26 10:37:25] EDIT test2/views/default/My_Recipies.html: 12
[2016-03-26 10:37:46] EDIT test2/views/default/index.html: 4
[2016-03-26 10:37:54] EDIT test2/views/default/index.html: -2
[2016-03-26 10:38:17] EDIT test2/views/default/posts.html: 11
[2016-03-26 10:38:47] EDIT test2/views/default/user.html: 0
[2016-03-26 10:39:52] EDIT test2/views/default/Details.html: 2
[2016-03-26 10:40:05] EDIT test2/views/default/Details.html: 2
[2016-03-26 10:41:48] EDIT test2/views/default/My_Recipies.html: -2
[2016-03-26 10:42:52] EDIT test2/views/default/Details.html: -2
[2016-03-26 10:44:15] EDIT test2/views/default/Details.html: 2
[2016-03-26 10:45:38] EDIT test2/views/default/index.html: 0
[2016-03-26 11:25:18] EDIT test2/models/db1.py: 5
[2016-03-26 11:39:03] EDIT test2/models/db1.py: 0
[2016-03-26 11:47:45] EDIT test2/models/db1.py: 0
[2016-03-26 11:48:22] EDIT test2/models/db1.py: 0
[2016-03-26 11:57:33] EDIT test2/views/default/posts.html: 3
[2016-03-26 12:03:18] EDIT test2/controllers/default.py: 8
[2016-03-26 12:04:30] EDIT test2/controllers/default.py: 0
[2016-03-26 12:09:00] EDIT test2/views/default/posts.html: 3
[2016-03-26 12:09:22] EDIT test2/controllers/default.py: -1
[2016-03-26 12:09:58] EDIT test2/controllers/default.py: 0
[2016-03-26 12:11:42] EDIT test2/views/default/posts.html: 0
[2016-03-26 12:11:52] EDIT test2/views/default/posts.html: -6
[2016-03-26 12:12:14] EDIT test2/controllers/default.py: 0
[2016-03-26 12:12:54] EDIT test2/controllers/default.py: 0
[2016-03-26 12:13:24] EDIT test2/views/default/posts.html: 0
[2016-03-26 12:15:17] EDIT test2/views/default/posts.html: 0
[2016-03-26 12:16:38] EDIT test2/views/default/posts.html: 0
[2016-03-26 12:21:10] EDIT test2/views/default/posts.html: 0
[2016-03-26 12:21:38] EDIT test2/views/default/posts.html: 0
[2016-03-26 12:26:44] EDIT test2/models/db.py: 0
[2016-03-26 12:27:19] EDIT test2/views/default/My_Recipies.html: 0
[2016-03-26 12:29:15] EDIT test2/controllers/default.py: -7
[2016-03-26 13:54:35] EDIT test2/controllers/default.py: 9
[2016-03-26 14:02:36] EDIT test2/controllers/default.py: 8
[2016-03-26 14:11:36] EDIT test2/controllers/default.py: 0
[2016-03-26 14:15:24] EDIT test2/controllers/default.py: 1
[2016-03-26 14:19:02] EDIT test2/views/default/Details.html: 0
[2016-03-26 14:19:38] EDIT test2/models/db1.py: 0
[2016-03-26 14:19:47] EDIT test2/controllers/default.py: 0
[2016-03-26 14:19:53] EDIT test2/views/default/Details.html: 0
[2016-03-26 14:21:07] EDIT test2/views/default/Details.html: 0
[2016-03-26 14:21:26] EDIT test2/views/default/Details.html: 0
[2016-03-26 14:21:40] EDIT test2/views/default/Details.html: 1
[2016-03-26 14:22:18] EDIT test2/views/default/Details.html: 0
[2016-03-26 14:22:44] EDIT test2/views/default/Details.html: 0
[2016-03-26 14:23:10] EDIT test2/views/default/Details.html: 0
[2016-03-26 14:25:02] EDIT test2/controllers/default.py: -1
[2016-03-26 14:34:43] EDIT test2/views/default/Details.html: 13
[2016-03-26 14:36:07] EDIT test2/views/default/Details.html: 0
[2016-03-26 14:44:32] EDIT test2/views/default/Details.html: 0
[2016-03-26 14:45:37] EDIT test2/views/default/Details.html: 0
[2016-03-26 14:47:17] EDIT test2/views/default/Details.html: 1
[2016-03-26 14:47:49] EDIT test2/views/default/Details.html: 0
[2016-03-26 14:49:52] EDIT test2/views/default/Details.html: 1
[2016-03-26 14:51:42] EDIT test2/controllers/default.py: 0
[2016-03-26 14:51:52] EDIT test2/controllers/default.py: 0
[2016-03-26 14:51:58] EDIT test2/views/default/Details.html: -1
[2016-03-26 14:53:06] EDIT test2/controllers/default.py: 1
[2016-03-26 14:53:50] EDIT test2/controllers/default.py: 0
[2016-03-26 14:54:05] EDIT test2/controllers/default.py: 0
[2016-03-26 15:00:10] EDIT test2/controllers/default.py: -1
[2016-03-26 15:01:06] EDIT test2/controllers/default.py: 0
[2016-03-26 15:01:53] EDIT test2/controllers/default.py: 0
[2016-03-26 15:07:10] EDIT test2/views/default/Details.html: 1
[2016-03-26 15:07:30] EDIT test2/views/default/Details.html: -1
[2016-03-26 15:09:17] EDIT test2/views/default/Details.html: 1
[2016-03-26 15:09:31] EDIT test2/views/default/Details.html: 0
[2016-03-26 15:10:05] EDIT test2/views/default/Details.html: 0
[2016-03-26 15:10:21] EDIT test2/views/default/Details.html: 0
[2016-03-26 15:10:35] EDIT test2/views/default/Details.html: -1
[2016-03-26 15:14:10] EDIT test2/views/default/Details.html: 0
[2016-03-26 15:14:27] EDIT test2/controllers/default.py: 0
[2016-03-26 15:20:51] EDIT test2/controllers/default.py: 8
[2016-03-26 15:21:20] EDIT test2/views/default/Details.html: 0
[2016-03-26 15:28:44] EDIT test2/controllers/default.py: 0
[2016-03-26 15:29:47] EDIT test2/controllers/default.py: 0
[2016-03-26 15:31:15] EDIT test2/controllers/default.py: 0
[2016-03-26 15:32:50] EDIT test2/controllers/default.py: 0
[2016-03-26 15:34:30] EDIT test2/controllers/default.py: 0
[2016-03-26 15:34:50] EDIT test2/views/default/Details.html: 0
[2016-03-26 15:36:39] EDIT test2/controllers/default.py: 0
[2016-03-26 15:37:24] EDIT test2/views/default/Details.html: 0
[2016-03-26 15:37:41] EDIT test2/views/default/Details.html: 0
[2016-03-26 15:42:13] EDIT test2/controllers/default.py: 0
[2016-03-26 15:43:16] EDIT test2/controllers/default.py: 0
[2016-03-26 16:05:36] EDIT test2/controllers/default.py: 0
[2016-03-26 16:06:20] EDIT test2/models/db1.py: 0
[2016-03-26 16:07:13] EDIT test2/controllers/default.py: 0
[2016-03-26 16:07:21] EDIT test2/models/db1.py: 0
[2016-03-26 16:09:05] EDIT test2/views/default/Details.html: 0
[2016-03-26 16:09:24] EDIT test2/views/default/Details.html: 0
[2016-03-26 16:09:25] EDIT test2/views/default/Details.html: 0
[2016-03-26 16:09:25] EDIT test2/views/default/Details.html: 0
[2016-03-26 16:10:39] EDIT test2/views/default/Details.html: 0
[2016-03-26 16:14:18] EDIT test2/controllers/default.py: 0
[2016-03-26 16:14:37] EDIT test2/views/default/Details.html: 0
[2016-03-26 16:18:13] EDIT test2/views/default/Details.html: 0
[2016-03-26 16:22:30] EDIT test2/controllers/default.py: 3
[2016-03-26 16:23:19] EDIT test2/controllers/default.py: 3
[2016-03-26 18:00:36] EDIT test2/views/default/index.html: -6
[2016-03-26 18:01:55] EDIT test2/views/default/index.html: 0
[2016-03-26 18:05:58] EDIT test2/controllers/default.py: 3
[2016-03-26 18:06:29] EDIT test2/views/default/index.html: 0
[2016-03-26 18:09:58] EDIT test2/views/default/index.html: 0
[2016-03-26 18:11:02] EDIT test2/views/default/index.html: 0
[2016-03-26 18:21:47] EDIT test2/models/db1.py: 2
[2016-03-26 18:21:53] EDIT test2/models/db1.py: 0
[2016-03-26 18:22:15] EDIT test2/models/db1.py: 0
[2016-03-26 18:22:30] EDIT test2/models/db1.py: 0
[2016-03-26 18:24:27] EDIT test2/models/db1.py: 2
[2016-03-26 18:25:50] EDIT test2/controllers/default.py: 1
[2016-03-26 18:26:11] EDIT test2/models/db1.py: 0
[2016-03-26 18:26:16] EDIT test2/controllers/default.py: 0
[2016-03-26 18:27:44] EDIT test2/models/db1.py: -1
[2016-03-26 18:28:06] EDIT test2/models/db1.py: 0
[2016-03-26 18:29:37] EDIT test2/models/db1.py: 3
[2016-03-26 18:49:45] EDIT test2/views/default/index.html: -2
[2016-03-26 18:52:38] EDIT test2/views/default/index.html: 4
[2016-03-26 18:52:46] EDIT test2/views/default/index.html: 1
[2016-03-26 18:53:08] EDIT test2/views/default/index.html: 0
[2016-03-26 18:53:47] EDIT test2/views/default/index.html: 1
[2016-03-26 18:54:43] EDIT test2/views/default/index.html: 0
[2016-03-26 18:55:53] EDIT test2/views/default/index.html: 0
[2016-03-26 18:56:00] EDIT test2/views/default/index.html: -3
[2016-03-26 18:56:15] EDIT test2/views/default/index.html: 3
[2016-03-26 19:16:33] EDIT test2/views/default/index.html: -1
[2016-03-26 19:16:50] EDIT test2/views/default/index.html: -1
[2016-03-26 19:17:22] EDIT test2/views/default/index.html: -9
[2016-03-26 19:17:56] EDIT test2/views/default/index.html: -1
[2016-03-26 19:20:50] EDIT test2/views/default/index.html: -15
[2016-03-26 19:21:14] EDIT test2/views/default/index.html: 1
[2016-03-26 19:23:24] EDIT test2/views/default/index.html: 76
[2016-03-26 19:24:52] EDIT test2/views/default/index.html: -53
[2016-03-26 19:25:24] EDIT test2/views/default/index.html: 0
[2016-03-26 19:26:18] EDIT test2/views/default/index.html: 0
[2016-03-26 19:26:30] EDIT test2/views/default/index.html: 0
[2016-03-26 19:27:41] EDIT test2/views/default/index.html: 3
[2016-03-26 19:31:33] EDIT test2/views/default/index.html: 2
[2016-03-26 19:32:39] EDIT test2/views/default/index.html: 0
[2016-03-26 19:34:20] EDIT test2/controllers/default.py: 6
[2016-03-26 19:39:10] EDIT test2/controllers/default.py: -1
[2016-03-26 19:39:18] EDIT test2/views/default/index.html: 0
[2016-03-26 19:50:39] EDIT test2/views/default/index.html: 0
[2016-03-26 20:05:55] EDIT test2/views/default/index.html: 8
[2016-03-26 20:07:32] EDIT test2/views/default/index.html: 0
[2016-03-26 20:13:28] EDIT test2/views/default/index.html: 2
[2016-03-26 20:14:50] EDIT test2/views/default/index.html: 0
[2016-03-26 20:16:09] EDIT test2/views/default/index.html: 0
[2016-03-26 20:18:06] EDIT test2/views/default/index.html: 0
[2016-03-26 20:21:15] EDIT test2/views/default/index.html: 0
[2016-03-26 20:22:01] EDIT test2/views/default/index.html: 0
[2016-03-26 20:22:21] EDIT test2/views/default/index.html: 0
[2016-03-26 20:22:44] EDIT test2/views/default/index.html: 0
[2016-03-26 20:23:06] EDIT test2/views/default/index.html: 0
[2016-03-26 20:23:28] EDIT test2/views/default/index.html: 0
[2016-03-26 20:23:45] EDIT test2/views/default/index.html: 0
[2016-03-26 21:44:25] EDIT test2/controllers/default.py: 2
[2016-03-26 21:44:56] EDIT test2/controllers/default.py: -1
[2016-03-26 21:44:57] EDIT test2/controllers/default.py: 0
[2016-03-26 21:45:22] EDIT test2/controllers/default.py: 0
[2016-03-26 21:47:22] EDIT test2/controllers/default.py: 1
[2016-03-26 21:47:52] EDIT test2/controllers/default.py: 1
[2016-03-26 22:00:28] EDIT test2/views/default/My_Recipies.html: 5
[2016-03-26 22:00:54] EDIT test2/views/default/My_Recipies.html: 0
[2016-03-26 22:01:37] EDIT test2/views/default/My_Recipies.html: 0
[2016-03-26 22:02:22] EDIT test2/views/default/My_Recipies.html: 2
[2016-03-26 22:03:00] EDIT test2/controllers/default.py: 6
[2016-03-26 22:04:08] EDIT test2/controllers/default.py: 0
[2016-03-26 22:04:28] EDIT test2/views/default/My_Recipies.html: 0
[2016-03-26 22:05:19] EDIT test2/views/default/My_Recipies.html: 2
[2016-03-26 22:05:38] EDIT test2/views/default/My_Recipies.html: 0
[2016-03-26 22:06:05] EDIT test2/views/default/My_Recipies.html: 0
[2016-03-26 22:07:00] EDIT test2/views/default/My_Recipies.html: 0
[2016-03-26 22:08:51] EDIT test2/views/default/My_Recipies.html: 2
[2016-03-26 22:09:35] EDIT test2/views/default/My_Recipies.html: 0
[2016-03-26 22:12:25] EDIT test2/views/default/My_Recipies.html: 0
[2016-03-26 22:13:17] EDIT test2/views/default/My_Recipies.html: 0
[2016-03-26 22:14:45] EDIT test2/views/default/index.html: 0
[2016-03-26 22:15:56] EDIT test2/views/default/index.html: 0
[2016-03-26 22:17:12] EDIT test2/models/menu.py: 0
[2016-03-26 22:22:54] EDIT test2/views/default/Details.html: 1
[2016-03-26 22:23:08] EDIT test2/views/default/Details.html: 0
[2016-03-26 22:23:57] EDIT test2/views/default/Details.html: 0
[2016-03-26 22:25:01] EDIT test2/views/default/Details.html: 0
[2016-03-26 22:25:24] EDIT test2/views/default/Details.html: 0
[2016-03-26 22:26:07] EDIT test2/views/default/Details.html: 0
[2016-03-26 22:28:18] EDIT test2/views/default/Details.html: 0
[2016-03-26 22:28:40] EDIT test2/views/default/Details.html: 0
[2016-03-26 22:30:07] EDIT test2/views/default/Details.html: 0
[2016-03-26 22:30:25] EDIT test2/views/default/Details.html: 1
[2016-03-26 22:31:33] EDIT test2/views/default/Details.html: -2
[2016-03-26 22:31:53] EDIT test2/views/default/Details.html: 0
[2016-03-26 22:32:17] EDIT test2/views/default/Details.html: 0
[2016-03-26 22:32:58] EDIT test2/views/default/Details.html: 0
[2016-03-26 22:34:07] EDIT test2/views/default/Details.html: 0
[2016-03-26 22:35:27] EDIT test2/views/default/Details.html: 0
[2016-03-26 22:35:30] EDIT test2/views/default/Details.html: 0
[2016-03-26 22:35:47] EDIT test2/views/default/Details.html: 0
[2016-03-26 22:36:26] EDIT test2/views/default/Details.html: 0
[2016-03-26 22:38:02] EDIT test2/views/default/Details.html: 0
[2016-03-26 22:38:20] EDIT test2/views/default/Details.html: 0
[2016-03-26 22:38:56] EDIT test2/views/default/Details.html: 0
[2016-03-26 22:39:04] EDIT test2/views/default/Details.html: 0
[2016-03-26 22:40:21] EDIT test2/views/default/Details.html: 0
[2016-03-26 22:44:05] EDIT test2/views/default/Details.html: 3
[2016-03-26 22:44:43] EDIT test2/views/default/Details.html: -2
[2016-03-26 22:45:02] EDIT test2/views/default/Details.html: 0
[2016-03-26 22:46:01] EDIT test2/views/default/Details.html: 0
[2016-03-26 22:46:41] EDIT test2/views/default/Details.html: 0
[2016-03-26 22:49:22] EDIT test2/views/default/Details.html: -4
[2016-03-26 22:50:43] EDIT test2/views/default/Details.html: 5
[2016-03-26 22:51:00] EDIT test2/views/default/Details.html: 0
[2016-03-26 22:51:14] EDIT test2/views/default/Details.html: 0
[2016-03-26 22:51:44] EDIT test2/views/default/Details.html: 0
[2016-03-26 22:52:03] EDIT test2/views/default/Details.html: 2
[2016-03-26 22:54:04] EDIT test2/views/default/Details.html: 0
[2016-03-26 22:54:42] EDIT test2/views/default/Details.html: 0
[2016-03-26 22:56:10] EDIT test2/views/default/Details.html: 3
[2016-03-26 22:57:09] EDIT test2/views/default/Details.html: 0
[2016-03-26 22:57:35] EDIT test2/views/default/Details.html: 0
[2016-03-26 22:58:09] EDIT test2/views/default/Details.html: 0
[2016-03-26 22:58:39] EDIT test2/views/default/Details.html: 0
[2016-03-26 22:59:13] EDIT test2/views/default/Details.html: 0
[2016-03-26 23:00:05] EDIT test2/views/default/Details.html: 0
[2016-03-26 23:00:35] EDIT test2/views/default/Details.html: 0
[2016-03-26 23:00:45] EDIT test2/views/default/Details.html: 0
[2016-03-26 23:00:55] EDIT test2/views/default/Details.html: 0
[2016-03-26 23:01:29] EDIT test2/views/default/Details.html: 0
[2016-03-26 23:01:57] EDIT test2/views/default/Details.html: 0
[2016-03-26 23:02:09] EDIT test2/views/default/Details.html: 0
[2016-03-26 23:03:55] EDIT test2/views/default/Details.html: 0
[2016-03-26 23:05:11] EDIT test2/views/default/Details.html: 1
[2016-03-26 23:05:21] EDIT test2/views/default/Details.html: 0
[2016-03-26 23:06:08] EDIT test2/views/default/Details.html: 0
[2016-03-26 23:06:31] EDIT test2/views/default/Details.html: 0
[2016-03-26 23:09:48] EDIT test2/views/default/Details.html: 0
[2016-03-26 23:10:11] EDIT test2/views/default/Details.html: 0
[2016-03-26 23:10:32] EDIT test2/views/default/Details.html: 0
[2016-03-26 23:12:39] EDIT test2/views/default/Details.html: 4
[2016-03-26 23:12:47] EDIT test2/views/default/Details.html: 0
[2016-03-26 23:14:54] EDIT test2/views/default/Details.html: 0
[2016-03-26 23:14:56] EDIT test2/views/default/Details.html: 0
[2016-03-26 23:15:28] EDIT test2/views/default/Details.html: 0
[2016-03-26 23:15:54] EDIT test2/views/default/Details.html: 0
[2016-03-26 23:16:24] EDIT test2/views/default/Details.html: 0
[2016-03-26 23:16:36] EDIT test2/views/default/Details.html: 0
[2016-03-26 23:17:13] EDIT test2/views/default/Details.html: 0
[2016-03-26 23:17:20] EDIT test2/views/default/Details.html: 0
[2016-03-26 23:18:43] EDIT test2/views/default/Details.html: 0
[2016-03-26 23:19:37] EDIT test2/views/default/Details.html: -1
[2016-03-26 23:20:24] EDIT test2/views/default/Details.html: 0
[2016-03-26 23:20:37] EDIT test2/views/default/Details.html: 0
[2016-03-26 23:21:17] EDIT test2/views/default/Details.html: 0
[2016-03-26 23:21:39] EDIT test2/views/default/Details.html: 0
[2016-03-26 23:22:23] EDIT test2/views/default/Details.html: 0
[2016-03-26 23:23:02] EDIT test2/views/default/Details.html: -1
[2016-03-26 23:28:47] EDIT test2/models/menu.py: 0
[2016-03-26 23:30:58] EDIT test2/views/default/My_Recipies.html: 3
[2016-03-26 23:31:32] EDIT test2/views/default/My_Recipies.html: 0
[2016-03-26 23:36:17] EDIT test2/controllers/default.py: 1
[2016-03-26 23:44:29] EDIT test2/views/default/My_Recipies.html: 0
[2016-03-26 23:45:00] EDIT test2/controllers/default.py: -1
[2016-03-26 23:45:45] EDIT test2/views/default/Details.html: 10
[2016-03-26 23:46:25] EDIT test2/views/default/Details.html: 0
[2016-03-26 23:46:54] EDIT test2/views/default/Details.html: 4
[2016-03-26 23:47:15] EDIT test2/views/default/Details.html: 0
[2016-03-26 23:48:30] EDIT test2/views/default/Details.html: 1
[2016-03-26 23:49:06] EDIT test2/views/default/Details.html: 1
[2016-03-26 23:49:29] EDIT test2/views/default/Details.html: 1
[2016-03-26 23:49:50] EDIT test2/views/default/Details.html: 2
[2016-03-26 23:50:35] EDIT test2/views/default/Details.html: 0
[2016-03-26 23:50:54] EDIT test2/views/default/Details.html: 0
[2016-03-26 23:51:09] EDIT test2/views/default/Details.html: 0
[2016-03-26 23:51:20] EDIT test2/views/default/Details.html: 0
[2016-03-26 23:51:50] EDIT test2/views/default/Details.html: 0
[2016-03-26 23:52:29] EDIT test2/views/default/Details.html: 2
[2016-03-26 23:52:39] EDIT test2/views/default/Details.html: 0
[2016-03-26 23:53:16] EDIT test2/views/default/Details.html: -2
[2016-03-26 23:53:46] EDIT test2/views/default/Details.html: 0
[2016-03-26 23:53:56] EDIT test2/views/default/Details.html: 0
[2016-03-26 23:55:16] EDIT test2/views/default/Details.html: 1
[2016-03-26 23:56:02] EDIT test2/views/default/Details.html: -1
[2016-03-26 23:56:20] EDIT test2/views/default/Details.html: 2
[2016-03-26 23:56:38] EDIT test2/views/default/Details.html: 0
[2016-03-26 23:57:03] EDIT test2/views/default/Details.html: 0
[2016-03-26 23:57:28] EDIT test2/views/default/Details.html: -2
[2016-03-26 23:57:55] EDIT test2/views/default/Details.html: 0
[2016-03-26 23:58:53] EDIT test2/models/menu.py: 0
[2016-03-27 00:05:18] EDIT test2/views/default/Details.html: 9
[2016-03-27 00:05:45] EDIT test2/views/default/Details.html: 0
[2016-03-27 00:07:15] EDIT test2/views/default/Details.html: 6
[2016-03-27 00:07:40] EDIT test2/views/default/Details.html: 0
[2016-03-27 00:08:07] EDIT test2/views/default/Details.html: 0
[2016-03-27 00:08:33] EDIT test2/views/default/Details.html: 0
[2016-03-27 00:09:25] EDIT test2/views/default/Details.html: 0
[2016-03-27 00:10:04] EDIT test2/views/default/Details.html: 3
[2016-03-27 00:10:28] EDIT test2/views/default/Details.html: 0
[2016-03-27 00:12:22] EDIT test2/views/default/Details.html: 9
[2016-03-27 00:13:05] EDIT test2/views/default/Details.html: 0
[2016-03-27 00:13:25] EDIT test2/views/default/Details.html: 0
[2016-03-27 00:14:12] EDIT test2/views/default/Details.html: 0
[2016-03-27 00:14:48] EDIT test2/views/default/Details.html: 0
[2016-03-27 00:15:14] EDIT test2/views/default/Details.html: 0
[2016-03-27 00:16:02] EDIT test2/views/default/Details.html: 9
[2016-03-27 00:16:55] EDIT test2/views/default/Details.html: 0
[2016-03-27 00:17:12] EDIT test2/views/default/Details.html: 0
[2016-03-27 00:18:29] EDIT test2/views/default/Details.html: 2
[2016-03-27 00:18:51] EDIT test2/views/default/Details.html: 0
[2016-03-27 00:18:54] EDIT test2/views/default/Details.html: 0
[2016-03-27 00:19:14] EDIT test2/views/default/Details.html: 0
[2016-03-27 00:20:52] EDIT test2/views/default/Details.html: 0
[2016-03-27 00:23:02] EDIT test2/views/layout.html: 0
[2016-03-27 00:26:14] EDIT test2/views/default/Details.html: 1
[2016-03-27 00:26:39] EDIT test2/views/default/Details.html: -1
[2016-03-27 00:27:35] EDIT test2/views/default/Details.html: 1
[2016-03-27 00:28:01] EDIT test2/views/default/Details.html: 0
[2016-03-27 00:28:27] EDIT test2/views/layout.html: 0
[2016-03-27 00:28:46] EDIT test2/views/layout.html: 0
[2016-03-27 00:28:54] EDIT test2/views/layout.html: 0
[2016-03-27 00:29:12] EDIT test2/views/layout.html: 0
[2016-03-27 00:31:41] EDIT test2/views/layout.html: 1
[2016-03-27 00:32:07] EDIT test2/views/layout.html: 1
[2016-03-27 00:32:29] EDIT test2/views/layout.html: -2
[2016-03-27 00:33:34] EDIT test2/views/default/Details.html: 2
[2016-03-27 00:33:57] EDIT test2/views/default/Details.html: -2
[2016-03-27 12:22:12] EDIT test2/controllers/default.py: 4
[2016-03-27 12:30:26] EDIT test2/views/default/Details.html: 3
[2016-03-27 12:30:59] EDIT test2/views/default/Details.html: 0
[2016-03-27 12:31:21] EDIT test2/views/default/Details.html: 0
[2016-03-27 12:32:17] EDIT test2/controllers/default.py: 1
[2016-03-27 12:32:37] EDIT test2/controllers/default.py: -1
[2016-03-27 13:03:03] EDIT test2/views/default/Details.html: 0
[2016-03-27 13:03:22] EDIT test2/views/default/Details.html: 0
[2016-03-27 13:03:42] EDIT test2/views/default/Details.html: 0
[2016-03-27 13:05:19] EDIT test2/models/db1.py: 0
[2016-03-27 13:06:07] EDIT test2/controllers/default.py: 0
[2016-03-27 13:07:20] EDIT test2/controllers/default.py: 0
[2016-03-27 13:16:02] EDIT test2/views/default/Details.html: 2
[2016-03-27 13:17:26] EDIT test2/views/default/Details.html: -2
[2016-03-27 13:22:58] EDIT test2/controllers/default.py: 3
[2016-03-27 13:25:17] EDIT test2/controllers/default.py: -2
[2016-03-27 13:30:36] EDIT test2/controllers/default.py: 2
[2016-03-27 13:31:56] EDIT test2/controllers/default.py: -3
[2016-03-27 13:35:55] EDIT test2/views/default/Details.html: 3
[2016-03-27 13:38:26] EDIT test2/views/default/Details.html: -3
[2016-03-27 13:38:47] EDIT test2/views/default/Details.html: 0
[2016-03-27 14:04:25] EDIT Cooking_Recipies/views/default/My_Recipies.html: 0
[2016-03-27 14:05:36] EDIT Cooking_Recipies/views/default/My_Recipies.html: 0
[2016-03-27 14:06:29] EDIT Cooking_Recipies/views/default/My_Recipies.html: 0
[2016-03-27 14:07:47] EDIT Cooking_Recipies/views/default/My_Recipies.html: 0
[2016-03-27 14:09:27] EDIT Cooking_Recipies/views/default/My_Recipies.html: 0
[2016-03-27 14:11:45] EDIT Cooking_Recipies/views/default/My_Recipies.html: 0
[2016-03-27 14:12:09] EDIT Cooking_Recipies/views/default/My_Recipies.html: 0
[2016-03-27 14:12:28] EDIT Cooking_Recipies/views/default/My_Recipies.html: 0
[2016-03-27 14:12:37] EDIT Cooking_Recipies/views/default/My_Recipies.html: 0
[2016-03-27 14:13:41] EDIT Cooking_Recipies/views/default/My_Recipies.html: 0
[2016-03-27 14:14:12] EDIT Cooking_Recipies/views/default/My_Recipies.html: 0
[2016-03-27 14:15:04] EDIT Cooking_Recipies/views/default/My_Recipies.html: 0
[2016-03-27 14:15:07] EDIT Cooking_Recipies/views/default/My_Recipies.html: 0
[2016-03-27 14:16:23] EDIT Cooking_Recipies/views/default/My_Recipies.html: 0
[2016-03-28 09:31:22] EDIT Cooking_Recipies/controllers/default.py: 0
[2016-03-28 09:36:00] EDIT Cooking_Recipies/controllers/default.py: -1
[2016-03-28 14:42:43] EDIT Cooking_Recipies/controllers/default.py: 0
[2016-03-28 14:42:51] EDIT Cooking_Recipies/controllers/default.py: 0
[2016-03-28 14:43:19] EDIT Cooking_Recipies/controllers/default.py: 0
[2016-03-28 14:43:30] EDIT Cooking_Recipies/controllers/default.py: 0
[2016-03-28 14:44:27] EDIT Cooking_Recipies/controllers/default.py: 0
[2016-03-28 14:46:03] EDIT Cooking_Recipies/views/default/index.html: 4
[2016-03-28 14:46:31] EDIT Cooking_Recipies/views/default/index.html: -2
[2016-03-28 14:46:47] EDIT Cooking_Recipies/views/default/index.html: -2
[2016-03-28 14:47:48] EDIT Cooking_Recipies/views/default/index.html: 0
[2016-03-28 14:48:18] EDIT Cooking_Recipies/views/default/index.html: -2
[2016-03-28 14:48:37] EDIT Cooking_Recipies/views/default/index.html: 2
[2016-03-28 14:48:54] EDIT Cooking_Recipies/views/default/index.html: 0
[2016-03-28 14:49:31] EDIT Cooking_Recipies/views/default/index.html: -2
[2016-03-28 14:50:39] EDIT Cooking_Recipies/views/default/index.html: 0
[2016-03-28 14:51:13] EDIT Cooking_Recipies/views/default/index.html: 0
[2016-03-28 14:51:42] EDIT Cooking_Recipies/views/default/index.html: 0
[2016-03-28 14:52:08] EDIT Cooking_Recipies/views/default/index.html: 0
[2016-03-28 14:52:26] EDIT Cooking_Recipies/views/default/index.html: 0
[2016-03-28 14:52:41] EDIT Cooking_Recipies/views/default/index.html: 0
[2016-03-28 15:07:26] EDIT Cooking_Recipies/views/default/My_Recipies.html: 0
[2016-03-28 15:08:11] EDIT Cooking_Recipies/views/default/My_Recipies.html: 0
[2016-03-28 15:08:27] EDIT Cooking_Recipies/views/default/My_Recipies.html: 0
[2016-03-28 15:09:00] EDIT Cooking_Recipies/views/default/My_Recipies.html: 0
[2016-03-28 15:09:14] EDIT Cooking_Recipies/views/default/My_Recipies.html: 0
[2016-03-28 15:10:45] EDIT Cooking_Recipies/views/default/My_Recipies.html: 0
[2016-03-28 15:12:54] EDIT Cooking_Recipies/models/menu.py: 0
[2016-03-28 15:13:13] EDIT Cooking_Recipies/models/menu.py: 0
[2016-03-28 15:24:12] EDIT Cooking_Recipies/models/db1.py: 0
[2016-03-28 15:24:41] EDIT Cooking_Recipies/models/db1.py: 0
[2016-03-28 15:32:44] EDIT Cooking_Recipies/models/db1.py: 0
[2016-03-28 15:34:21] EDIT Cooking_Recipies/models/db1.py: 0
[2016-03-28 15:39:50] EDIT Cooking_Recipies/controllers/default.py: 17
[2016-03-28 15:41:14] EDIT Cooking_Recipies/controllers/default.py: 0
[2016-03-28 15:42:00] EDIT Cooking_Recipies/controllers/default.py: 0
[2016-03-28 15:42:03] EDIT Cooking_Recipies/controllers/default.py: 0
[2016-03-28 15:43:07] EDIT Cooking_Recipies/controllers/default.py: 0
[2016-03-28 15:45:41] EDIT Cooking_Recipies/models/db1.py: 0
[2016-03-28 15:49:50] EDIT Cooking_Recipies/models/db1.py: 3
[2016-03-28 15:50:13] EDIT Cooking_Recipies/models/db1.py: 0
[2016-03-28 15:50:25] EDIT Cooking_Recipies/controllers/default.py: 0
[2016-03-28 15:56:18] EDIT Cooking_Recipies/views/default/Details.html: 0
[2016-03-28 15:57:07] EDIT Cooking_Recipies/models/menu.py: 0
[2016-03-28 16:03:22] EDIT Cooking_Recipies/controllers/default.py: 0
[2016-03-28 16:06:48] EDIT Cooking_Recipies/models/db1.py: 2
[2016-03-28 16:09:39] EDIT Cooking_Recipies/controllers/default.py: 0
[2016-03-28 16:11:28] EDIT Cooking_Recipies/controllers/default.py: 0
[2016-03-28 16:18:54] EDIT Cooking_Recipies/controllers/default.py: 2
[2016-03-28 16:27:18] EDIT Cooking_Recipies/controllers/default.py: 0
[2016-03-28 16:32:02] EDIT Cooking_Recipies/controllers/default.py: -2
[2016-03-28 16:35:57] EDIT Cooking_Recipies/controllers/default.py: 0
[2016-03-28 16:37:23] EDIT Cooking_Recipies/controllers/default.py: -1
[2016-03-28 16:38:20] EDIT Cooking_Recipies/controllers/default.py: 0
[2016-03-28 16:38:40] EDIT Cooking_Recipies/controllers/default.py: 0
[2016-03-28 16:41:13] EDIT Cooking_Recipies/controllers/default.py: 0
[2016-03-28 16:42:27] EDIT Cooking_Recipies/models/db1.py: 0
[2016-03-28 16:42:55] EDIT Cooking_Recipies/models/db1.py: 0
[2016-03-28 16:43:11] EDIT Cooking_Recipies/models/db1.py: 0
[2016-03-28 16:43:24] EDIT Cooking_Recipies/models/db1.py: 0
[2016-03-28 16:44:55] EDIT Cooking_Recipies/models/db1.py: 0
[2016-03-28 17:32:37] EDIT Cooking_Recipies/views/default/index.html: 0
[2016-03-28 17:49:54] EDIT Cooking_Recipies/views/default/index.html: 0
[2016-03-28 17:54:37] EDIT Cooking_Recipies/views/default/index.html: 0
[2016-03-28 17:55:29] EDIT Cooking_Recipies/views/default/index.html: 0
[2016-03-28 17:57:05] EDIT Cooking_Recipies/views/default/index.html: 0
[2016-03-28 17:57:20] EDIT Cooking_Recipies/views/default/index.html: 0
[2016-03-28 17:57:46] EDIT Cooking_Recipies/views/default/index.html: 0
[2016-03-28 17:58:40] EDIT Cooking_Recipies/views/default/index.html: 2
[2016-03-28 17:59:16] EDIT Cooking_Recipies/views/default/index.html: 0
[2016-03-28 18:00:18] EDIT Cooking_Recipies/views/default/index.html: -2
[2016-03-28 18:08:43] EDIT Cooking_Recipies/views/layout.html: 1
[2016-03-28 19:19:36] EDIT Cooking_Recipies/controllers/default.py: -16
[2016-03-28 19:19:47] EDIT Cooking_Recipies/models/db1.py: -5
[2016-03-28 19:20:55] EDIT Cooking_Recipies/models/db1.py: 0
[2016-03-28 19:21:54] EDIT Cooking_Recipies/controllers/default.py: 0
[2016-03-28 19:23:14] EDIT Cooking_Recipies/models/db1.py: 0
[2016-03-28 19:24:50] EDIT Cooking_Recipies/views/default/Details.html: 0
[2016-03-28 19:25:11] EDIT Cooking_Recipies/views/default/Details.html: 0
[2016-03-28 19:25:30] EDIT Cooking_Recipies/views/default/Details.html: 0
[2016-03-28 19:25:40] EDIT Cooking_Recipies/views/default/Details.html: 0
[2016-03-28 19:34:09] EDIT Cooking_Recipies/views/default/user.html: 2
[2016-03-28 20:16:35] EDIT Cooking_Recipies/views/default/user.html: 0
[2016-03-28 20:20:29] EDIT Cooking_Recipies/views/default/user.html: 1
[2016-03-28 20:21:14] EDIT Cooking_Recipies/views/default/user.html: 0
[2016-03-28 20:23:07] EDIT Cooking_Recipies/views/default/user.html: 0
[2016-03-28 20:24:09] EDIT Cooking_Recipies/views/default/user.html: 0
[2016-03-28 20:24:45] EDIT Cooking_Recipies/views/default/user.html: 0
[2016-03-28 20:32:27] EDIT Cooking_Recipies/views/default/index.html: 0
[2016-03-28 20:33:06] EDIT Cooking_Recipies/views/default/index.html: 0
[2016-03-28 20:33:45] EDIT Cooking_Recipies/views/default/index.html: 0
[2016-03-28 20:34:15] EDIT Cooking_Recipies/views/default/index.html: 0
[2016-03-28 20:35:22] EDIT Cooking_Recipies/views/default/index.html: 1
[2016-03-28 20:36:03] EDIT Cooking_Recipies/views/default/index.html: 0
[2016-03-28 20:39:56] EDIT Cooking_Recipies/views/default/index.html: 0
[2016-03-28 20:40:26] EDIT Cooking_Recipies/views/default/index.html: 0
[2016-03-28 20:40:45] EDIT Cooking_Recipies/views/default/index.html: 0
[2016-03-28 20:41:26] EDIT Cooking_Recipies/views/default/My_Recipies.html: 0
[2016-03-28 20:42:26] EDIT Cooking_Recipies/views/default/Details.html: 2
[2016-03-28 20:43:09] EDIT Cooking_Recipies/views/default/Details.html: 0
[2016-03-28 20:43:47] EDIT Cooking_Recipies/views/default/Details.html: 0
[2016-03-28 20:44:27] EDIT Cooking_Recipies/views/default/Details.html: 0
[2016-03-28 20:46:28] EDIT Cooking_Recipies/views/default/My_Recipies.html: 0
[2016-03-28 20:46:53] EDIT Cooking_Recipies/views/default/My_Recipies.html: 0
[2016-03-28 20:47:25] EDIT Cooking_Recipies/views/default/My_Recipies.html: 0
[2016-03-28 20:50:00] EDIT Cooking_Recipies/models/menu.py: 0
[2016-03-28 20:50:26] EDIT Cooking_Recipies/models/menu.py: 0
[2016-03-28 20:54:25] EDIT Cooking_Recipies/views/default/My_Recipies.html: 0
[2016-03-28 20:56:27] EDIT Cooking_Recipies/views/default/My_Recipies.html: 3
[2016-03-28 20:59:51] EDIT Cooking_Recipies/views/default/My_Recipies.html: 1
[2016-03-28 21:00:21] EDIT Cooking_Recipies/views/default/My_Recipies.html: 0
[2016-03-28 21:01:36] EDIT Cooking_Recipies/views/default/My_Recipies.html: 0
[2016-03-28 21:02:05] EDIT Cooking_Recipies/views/default/My_Recipies.html: 0
[2016-03-28 21:02:27] EDIT Cooking_Recipies/views/default/My_Recipies.html: 0
[2016-03-28 21:03:57] EDIT Cooking_Recipies/views/default/My_Recipies.html: 0
[2016-03-28 21:04:14] EDIT Cooking_Recipies/views/default/My_Recipies.html: 0
[2016-03-28 21:04:33] EDIT Cooking_Recipies/views/default/My_Recipies.html: 0
[2016-03-28 21:04:44] EDIT Cooking_Recipies/views/default/My_Recipies.html: 0
[2016-03-28 21:04:58] EDIT Cooking_Recipies/views/default/My_Recipies.html: 0
[2016-03-28 21:09:14] EDIT Cooking_Recipies/models/menu.py: 0
[2016-03-28 21:09:32] EDIT Cooking_Recipies/models/menu.py: 0
[2016-03-28 21:09:56] EDIT Cooking_Recipies/models/menu.py: 0
[2016-03-28 21:13:59] EDIT Cooking_Recipies/views/default/My_Recipies.html: 2
[2016-03-28 21:14:54] EDIT Cooking_Recipies/views/default/My_Recipies.html: 0
[2016-03-28 21:15:20] EDIT Cooking_Recipies/views/default/My_Recipies.html: 0
[2016-03-28 21:16:32] EDIT Cooking_Recipies/views/default/My_Recipies.html: -2
[2016-03-28 21:19:15] EDIT Cooking_Recipies/models/db1.py: 0
[2016-03-28 21:21:56] EDIT Cooking_Recipies/models/db1.py: 0
[2016-03-28 21:22:55] CREATE default/upload_your_recipie.html: 0
[2016-03-28 21:23:22] EDIT Cooking_Recipies/views/default/upload_your_recipie.html: 1
[2016-03-28 21:24:35] EDIT Cooking_Recipies/views/default/upload_your_recipie.html: 2
[2016-03-28 21:24:58] EDIT Cooking_Recipies/views/default/upload_your_recipie.html: 0
[2016-03-28 21:25:08] EDIT Cooking_Recipies/views/default/upload_your_recipie.html: 0
[2016-03-28 21:25:26] EDIT Cooking_Recipies/views/default/upload_your_recipie.html: 0
[2016-03-28 21:26:23] EDIT Cooking_Recipies/views/default/upload_your_recipie.html: 0
[2016-03-28 21:30:54] EDIT Cooking_Recipies/views/default/Details.html: 0
[2016-03-28 21:32:36] EDIT Cooking_Recipies/views/default/upload_your_recipie.html: 0
[2016-03-28 21:33:09] EDIT Cooking_Recipies/views/default/upload_your_recipie.html: 0
[2016-03-28 21:33:56] EDIT Cooking_Recipies/views/default/upload_your_recipie.html: 0
[2016-03-28 21:34:11] EDIT Cooking_Recipies/views/default/upload_your_recipie.html: 0
[2016-03-28 21:55:55] EDIT Cooking_Recipies/models/db.py: 1
[2016-03-28 21:56:23] EDIT Cooking_Recipies/models/db.py: 0
[2016-03-28 21:56:42] EDIT Cooking_Recipies/models/db.py: 0
[2016-03-28 21:56:48] EDIT Cooking_Recipies/models/db.py: 0
[2016-03-28 22:08:58] EDIT Cooking_Recipies/models/db1.py: 0
[2016-03-28 22:09:13] EDIT Cooking_Recipies/models/db1.py: 0
[2016-03-28 22:10:12] EDIT Cooking_Recipies/models/db1.py: 0
[2016-03-28 22:47:21] EDIT Cooking_Recipies/views/default/My_Recipies.html: 7
[2016-03-28 22:48:43] EDIT Cooking_Recipies/views/default/My_Recipies.html: 0
[2016-03-28 22:49:03] EDIT Cooking_Recipies/views/default/My_Recipies.html: 0
[2016-03-28 22:49:53] EDIT Cooking_Recipies/views/default/My_Recipies.html: 0
[2016-03-28 22:51:28] EDIT Cooking_Recipies/views/default/My_Recipies.html: 1
[2016-03-28 22:52:22] EDIT Cooking_Recipies/views/default/My_Recipies.html: -8
[2016-03-28 22:52:59] EDIT Cooking_Recipies/views/default/My_Recipies.html: 0
[2016-03-29 09:57:15] CREATE default/userlist.html: 0
[2016-03-29 09:58:58] EDIT Cooking_Recipies/controllers/default.py: 4
[2016-03-29 10:00:54] EDIT Cooking_Recipies/models/menu.py: 0
[2016-03-29 10:01:07] EDIT Cooking_Recipies/models/menu.py: 0
[2016-03-29 10:05:13] EDIT Cooking_Recipies/views/default/userlist.html: 6
[2016-03-29 10:05:58] EDIT Cooking_Recipies/models/menu.py: 1
[2016-03-29 10:07:11] EDIT Cooking_Recipies/views/default/userlist.html: 0
[2016-03-29 10:07:52] EDIT Cooking_Recipies/views/default/userlist.html: 1
[2016-03-29 10:08:40] EDIT Cooking_Recipies/views/default/userlist.html: 0
[2016-03-29 10:09:13] EDIT Cooking_Recipies/views/default/userlist.html: 0
[2016-03-29 10:10:46] EDIT Cooking_Recipies/controllers/default.py: 3
[2016-03-29 10:10:59] EDIT Cooking_Recipies/views/default/userlist.html: 0
[2016-03-29 10:11:36] CREATE default/userprofile.html: 0
[2016-03-29 10:13:55] EDIT Cooking_Recipies/views/default/userprofile.html: 1
[2016-03-29 10:16:04] EDIT Cooking_Recipies/views/default/userprofile.html: 1
[2016-03-29 10:18:23] EDIT Cooking_Recipies/views/default/userprofile.html: 2
[2016-03-29 10:20:06] EDIT Cooking_Recipies/views/default/userprofile.html: 2
[2016-03-29 10:20:44] EDIT Cooking_Recipies/views/default/userprofile.html: 0
[2016-03-29 10:21:41] EDIT Cooking_Recipies/views/default/userprofile.html: 0
[2016-03-29 10:22:18] EDIT Cooking_Recipies/views/default/userprofile.html: 2
[2016-03-29 10:22:50] EDIT Cooking_Recipies/views/default/userprofile.html: 6
[2016-03-29 10:23:42] EDIT Cooking_Recipies/views/default/userprofile.html: 0
[2016-03-29 10:24:44] EDIT Cooking_Recipies/views/default/My_Recipies.html: 0
[2016-03-29 10:25:15] EDIT Cooking_Recipies/views/default/My_Recipies.html: 0
[2016-03-29 10:25:33] EDIT Cooking_Recipies/views/default/My_Recipies.html: 0
[2016-03-29 10:25:47] EDIT Cooking_Recipies/views/default/My_Recipies.html: 0
[2016-03-29 10:26:27] EDIT Cooking_Recipies/views/default/My_Recipies.html: 0
[2016-03-29 10:27:24] EDIT Cooking_Recipies/controllers/default.py: 1
[2016-03-29 14:22:21] EDIT Cooking_Recipies/controllers/default.py: 4
[2016-03-29 14:23:31] EDIT Cooking_Recipies/controllers/default.py: 0
[2016-03-29 14:24:59] EDIT Cooking_Recipies/views/default/userprofile.html: 3
[2016-03-29 14:25:41] EDIT Cooking_Recipies/views/default/userprofile.html: 0
[2016-03-29 14:26:49] EDIT Cooking_Recipies/views/default/userprofile.html: 0
[2016-03-29 14:27:46] EDIT Cooking_Recipies/views/default/userprofile.html: 1
[2016-03-29 14:29:04] EDIT Cooking_Recipies/views/default/userprofile.html: 0
[2016-03-29 14:31:24] EDIT Cooking_Recipies/views/default/userprofile.html: 0
[2016-03-29 14:32:13] CREATE default/useruploads.html: 0
[2016-03-29 14:32:54] EDIT Cooking_Recipies/views/default/useruploads.html: 28
[2016-03-29 14:33:08] EDIT Cooking_Recipies/controllers/default.py: 0
[2016-03-29 14:33:11] EDIT Cooking_Recipies/views/default/useruploads.html: 0
[2016-03-29 14:34:12] DELETE Cooking_Recipies/views/default/useruploads.html: -31
[2016-03-29 14:34:53] EDIT Cooking_Recipies/controllers/default.py: 7
[2016-03-29 14:35:02] EDIT Cooking_Recipies/controllers/default.py: 0
[2016-03-29 14:35:24] CREATE default/useruploads.html: 0
[2016-03-29 14:36:04] EDIT Cooking_Recipies/views/default/useruploads.html: 28
[2016-03-29 14:38:30] EDIT Cooking_Recipies/views/default/useruploads.html: -3
[2016-03-29 14:38:52] EDIT Cooking_Recipies/views/default/useruploads.html: -2
[2016-03-29 14:39:13] EDIT Cooking_Recipies/controllers/default.py: -7
[2016-03-29 14:40:21] EDIT Cooking_Recipies/views/default/useruploads.html: 0
[2016-03-29 14:42:05] EDIT Cooking_Recipies/controllers/default.py: 1
[2016-03-29 14:42:24] EDIT Cooking_Recipies/views/default/useruploads.html: 0
[2016-03-29 14:42:52] EDIT Cooking_Recipies/views/default/useruploads.html: 0
[2016-03-29 14:44:31] EDIT Cooking_Recipies/controllers/default.py: 7
[2016-03-29 14:45:19] EDIT Cooking_Recipies/views/default/useruploads.html: 2
[2016-03-29 14:47:05] EDIT Cooking_Recipies/controllers/default.py: -7
[2016-03-29 14:48:40] EDIT Cooking_Recipies/views/default/useruploads.html: -2
[2016-03-29 14:49:45] EDIT Cooking_Recipies/controllers/default.py: 0
[2016-03-29 14:50:08] EDIT Cooking_Recipies/controllers/default.py: 0
[2016-03-29 14:50:20] EDIT Cooking_Recipies/controllers/default.py: 0
[2016-03-29 14:51:05] EDIT Cooking_Recipies/views/default/useruploads.html: 2
[2016-03-29 14:51:41] EDIT Cooking_Recipies/controllers/default.py: 6
[2016-03-29 14:52:24] EDIT Cooking_Recipies/controllers/default.py: 0
[2016-03-29 14:54:15] EDIT Cooking_Recipies/controllers/default.py: -6
[2016-03-29 14:54:22] EDIT Cooking_Recipies/views/default/useruploads.html: -2
[2016-03-29 14:54:43] EDIT Cooking_Recipies/controllers/default.py: 0
[2016-03-29 14:55:45] EDIT Cooking_Recipies/views/default/useruploads.html: 0
[2016-03-29 14:56:10] EDIT Cooking_Recipies/views/default/useruploads.html: 0
[2016-03-29 14:56:56] EDIT Cooking_Recipies/views/default/useruploads.html: 0
[2016-03-29 14:57:37] EDIT Cooking_Recipies/views/default/useruploads.html: 0
[2016-03-29 14:57:55] EDIT Cooking_Recipies/views/default/useruploads.html: 0
[2016-03-29 14:58:13] EDIT Cooking_Recipies/views/default/useruploads.html: 0
[2016-03-29 14:59:25] EDIT Cooking_Recipies/views/default/useruploads.html: 0
[2016-03-29 14:59:41] EDIT Cooking_Recipies/views/default/useruploads.html: 0
[2016-03-29 15:00:05] EDIT Cooking_Recipies/views/default/useruploads.html: 0
[2016-03-29 15:02:32] EDIT Cooking_Recipies/views/default/index.html: 2
[2016-03-29 15:03:09] EDIT Cooking_Recipies/views/default/useruploads.html: 0
[2016-03-29 15:03:35] EDIT Cooking_Recipies/views/default/useruploads.html: 0
[2016-03-29 15:04:44] EDIT Cooking_Recipies/static/css/web2py.css: 0
[2016-03-29 15:04:59] EDIT Cooking_Recipies/static/css/web2py.css: 0
[2016-03-29 15:05:13] EDIT Cooking_Recipies/static/css/web2py.css: 0
[2016-03-29 15:05:41] EDIT Cooking_Recipies/views/default/useruploads.html: 0
[2016-03-29 15:06:36] EDIT Cooking_Recipies/views/default/index.html: 0
[2016-03-29 15:07:03] EDIT Cooking_Recipies/views/default/index.html: 0
[2016-03-29 15:07:26] EDIT Cooking_Recipies/views/default/index.html: 0
[2016-03-29 15:07:42] EDIT Cooking_Recipies/views/default/useruploads.html: 0
[2016-03-29 15:08:27] EDIT Cooking_Recipies/views/default/index.html: 0
[2016-03-29 15:08:48] EDIT Cooking_Recipies/views/default/index.html: 0
[2016-03-29 15:10:47] CREATE default/index1.html: 0
[2016-03-29 15:11:35] EDIT Cooking_Recipies/controllers/default.py: 17
[2016-03-29 15:13:06] EDIT Cooking_Recipies/views/default/index.html: 3
[2016-03-29 15:14:06] EDIT Cooking_Recipies/views/default/index1.html: 56
[2016-03-29 15:14:47] EDIT Cooking_Recipies/views/default/index1.html: 0
[2016-03-29 15:15:00] EDIT Cooking_Recipies/views/default/index.html: 0
[2016-03-29 15:15:49] EDIT Cooking_Recipies/views/default/index.html: 1
[2016-03-29 15:16:49] EDIT Cooking_Recipies/views/default/index.html: 1
[2016-03-29 15:17:06] EDIT Cooking_Recipies/views/default/useruploads.html: 0
[2016-03-29 15:17:30] EDIT Cooking_Recipies/views/default/index.html: 0
[2016-03-29 15:20:31] EDIT Cooking_Recipies/views/default/index1.html: 2
[2016-03-29 15:21:36] EDIT Cooking_Recipies/controllers/default.py: 0
[2016-03-29 15:22:01] EDIT Cooking_Recipies/views/default/useruploads.html: 0
[2016-03-29 15:22:41] EDIT Cooking_Recipies/views/default/useruploads.html: 1
[2016-03-29 15:22:59] EDIT Cooking_Recipies/views/default/useruploads.html: 1
[2016-03-29 15:43:58] CREATE default/view_profile.html: 0
[2016-03-29 15:44:20] DELETE Cooking_Recipies/views/default/view_profile.html: -3
[2016-03-29 15:47:10] EDIT Cooking_Recipies/controllers/default.py: 3
[2016-03-29 15:48:00] EDIT Cooking_Recipies/models/menu.py: 1
[2016-03-29 15:48:52] EDIT Cooking_Recipies/controllers/default.py: 0
[2016-03-29 15:53:23] EDIT Cooking_Recipies/controllers/default.py: 1
[2016-03-29 15:54:30] EDIT Cooking_Recipies/controllers/default.py: 1
[2016-03-29 15:54:43] CREATE default/viewprofile.html: 0
[2016-03-29 15:55:55] EDIT Cooking_Recipies/views/default/viewprofile.html: 18
[2016-03-29 15:56:32] EDIT Cooking_Recipies/controllers/default.py: 0
[2016-03-29 15:57:42] EDIT Cooking_Recipies/controllers/default.py: 0
[2016-03-29 16:06:49] EDIT Cooking_Recipies/models/db1.py: 3
[2016-03-29 16:12:19] EDIT Cooking_Recipies/models/db1.py: 0
[2016-03-29 16:12:55] EDIT Cooking_Recipies/controllers/default.py: 4
[2016-03-29 16:13:18] EDIT Cooking_Recipies/models/db1.py: 0
[2016-03-29 16:13:51] EDIT Cooking_Recipies/models/db1.py: 0
[2016-03-29 16:15:26] EDIT Cooking_Recipies/controllers/default.py: 1
[2016-03-29 16:26:20] EDIT Cooking_Recipies/views/default/Details.html: 1
[2016-03-29 16:27:52] EDIT Cooking_Recipies/controllers/default.py: 4
[2016-03-29 16:29:05] EDIT Cooking_Recipies/controllers/default.py: 0
[2016-03-29 16:29:48] EDIT Cooking_Recipies/controllers/default.py: 0
[2016-03-29 16:32:25] EDIT Cooking_Recipies/views/default/Details.html: 3
[2016-03-29 16:33:29] EDIT Cooking_Recipies/controllers/default.py: 0
[2016-03-29 16:34:10] EDIT Cooking_Recipies/controllers/default.py: 0
[2016-03-29 16:34:58] EDIT Cooking_Recipies/views/default/Details.html: 0
[2016-03-29 16:35:33] EDIT Cooking_Recipies/views/default/Details.html: 2
[2016-03-29 16:37:49] EDIT Cooking_Recipies/controllers/default.py: 0
[2016-03-29 16:46:55] EDIT Cooking_Recipies/controllers/default.py: 2
[2016-03-29 16:47:27] EDIT Cooking_Recipies/controllers/default.py: 0
[2016-03-29 16:48:43] EDIT Cooking_Recipies/controllers/default.py: -2
[2016-03-29 16:50:12] EDIT Cooking_Recipies/controllers/default.py: 0
[2016-03-29 16:50:53] EDIT Cooking_Recipies/controllers/default.py: 0
[2016-03-29 16:52:20] EDIT Cooking_Recipies/controllers/default.py: 0
[2016-03-29 16:53:01] EDIT Cooking_Recipies/controllers/default.py: 0
[2016-03-29 16:55:37] EDIT Cooking_Recipies/controllers/default.py: 0
[2016-03-29 16:55:55] EDIT Cooking_Recipies/controllers/default.py: 0
[2016-03-29 16:56:01] EDIT Cooking_Recipies/controllers/default.py: 0
[2016-03-29 16:56:44] EDIT Cooking_Recipies/views/default/Details.html: 0
[2016-03-29 16:57:21] EDIT Cooking_Recipies/views/default/Details.html: 0
[2016-03-29 16:58:09] EDIT Cooking_Recipies/views/default/Details.html: 1
[2016-03-29 16:58:32] EDIT Cooking_Recipies/views/default/Details.html: 0
[2016-03-29 17:04:08] EDIT Cooking_Recipies/views/default/Details.html: 0
[2016-03-29 17:06:44] EDIT Cooking_Recipies/views/default/viewprofile.html: 0
[2016-03-29 17:06:54] EDIT Cooking_Recipies/views/default/viewprofile.html: 0
[2016-03-29 17:08:18] EDIT Cooking_Recipies/views/default/viewprofile.html: 0
[2016-03-29 17:10:05] EDIT Cooking_Recipies/controllers/default.py: 0
[2016-03-29 17:18:18] EDIT Cooking_Recipies/views/default/index.html: 0
[2016-03-29 17:18:41] EDIT Cooking_Recipies/views/default/index.html: 0
[2016-03-29 17:19:08] EDIT Cooking_Recipies/views/default/index.html: 0
[2016-03-29 17:26:06] EDIT Cooking_Recipies/models/db1.py: 1
[2016-03-29 17:26:08] EDIT Cooking_Recipies/models/db1.py: 0
[2016-03-29 17:33:53] EDIT Cooking_Recipies/models/db1.py: 0
[2016-03-29 17:34:55] EDIT Cooking_Recipies/models/db1.py: 0
[2016-03-29 17:35:31] EDIT Cooking_Recipies/models/db1.py: 0
[2016-03-29 17:35:55] EDIT Cooking_Recipies/models/db1.py: 0
[2016-03-29 17:36:21] EDIT Cooking_Recipies/models/db1.py: 0
[2016-03-29 17:40:23] EDIT Cooking_Recipies/views/default/Details.html: 0
[2016-03-29 17:40:35] EDIT Cooking_Recipies/views/default/Details.html: 0
[2016-03-29 18:03:33] EDIT Cooking_Recipies/controllers/default.py: 2
[2016-03-29 18:03:36] EDIT Cooking_Recipies/controllers/default.py: 0
[2016-03-29 18:06:08] EDIT Cooking_Recipies/controllers/default.py: 0
[2016-03-29 18:08:20] EDIT Cooking_Recipies/controllers/default.py: 0
[2016-03-29 18:14:14] EDIT Cooking_Recipies/views/default/index1.html: 0
[2016-03-29 19:15:31] EDIT Cooking_Recipies/controllers/default.py: 2
[2016-03-29 19:15:45] EDIT Cooking_Recipies/controllers/default.py: 0
[2016-03-29 19:18:12] EDIT Cooking_Recipies/controllers/default.py: 0
[2016-03-30 07:50:15] EDIT Cooking_Recipies/controllers/default.py: 1
[2016-03-30 07:51:39] EDIT Cooking_Recipies/controllers/default.py: 5
[2016-03-30 07:54:10] EDIT Cooking_Recipies/views/default/index.html: 4
[2016-03-30 07:55:40] EDIT Cooking_Recipies/controllers/default.py: 6
[2016-03-30 07:56:06] EDIT Cooking_Recipies/views/default/index1.html: 4
[2016-03-30 07:57:29] EDIT Cooking_Recipies/controllers/default.py: 6
[2016-03-30 07:57:42] EDIT Cooking_Recipies/views/default/My_Recipies.html: 0
[2016-03-30 07:57:45] EDIT Cooking_Recipies/views/default/My_Recipies.html: 3
[2016-03-30 07:59:43] EDIT Cooking_Recipies/controllers/default.py: 12
[2016-03-30 08:00:45] EDIT Cooking_Recipies/controllers/default.py: 0
[2016-03-30 08:01:20] EDIT Cooking_Recipies/views/default/userlist.html: 6
[2016-03-30 08:10:00] EDIT Cooking_Recipies/controllers/default.py: 11
[2016-03-30 08:10:10] EDIT Cooking_Recipies/controllers/default.py: 0
[2016-03-30 08:11:04] EDIT Cooking_Recipies/models/menu.py: 1
[2016-03-30 08:12:12] EDIT Cooking_Recipies/controllers/default.py: 0
[2016-03-30 08:12:28] EDIT Cooking_Recipies/controllers/default.py: 0
[2016-03-30 08:13:12] EDIT Cooking_Recipies/controllers/default.py: 0
[2016-03-30 08:14:02] EDIT Cooking_Recipies/controllers/default.py: 0
[2016-03-30 08:14:03] EDIT Cooking_Recipies/controllers/default.py: 0
[2016-03-30 08:14:47] EDIT Cooking_Recipies/models/menu.py: 0
[2016-03-30 08:26:02] EDIT Cooking_Recipies/views/default/Details.html: 3
[2016-03-30 08:27:22] EDIT Cooking_Recipies/views/default/Details.html: 0
[2016-03-30 08:28:35] EDIT Cooking_Recipies/controllers/default.py: 5
[2016-03-30 08:29:04] EDIT Cooking_Recipies/controllers/default.py: 0
[2016-03-30 08:30:58] EDIT Cooking_Recipies/views/default/Details.html: 0
[2016-03-30 08:31:45] EDIT Cooking_Recipies/controllers/default.py: -1
[2016-03-30 08:32:32] EDIT Cooking_Recipies/controllers/default.py: 1
[2016-03-30 08:33:49] EDIT Cooking_Recipies/controllers/default.py: 1
[2016-03-30 08:35:38] EDIT Cooking_Recipies/controllers/default.py: 0
[2016-03-30 08:35:40] EDIT Cooking_Recipies/controllers/default.py: -1
[2016-03-30 08:36:49] EDIT Cooking_Recipies/views/default/Details.html: 0
[2016-03-30 08:39:11] EDIT Cooking_Recipies/controllers/default.py: 1
[2016-03-30 08:39:48] EDIT Cooking_Recipies/controllers/default.py: 0
[2016-03-30 08:41:05] EDIT Cooking_Recipies/views/default/Details.html: 0
[2016-03-30 11:47:32] EDIT Cooking_Recipies/views/default/Details.html: -3
[2016-04-02 17:18:02] EDIT Cooking_Recipies/controllers/default.py: 0
[2016-04-03 11:32:52] EDIT Cooking_Recipies/models/db.py: 0
[2016-05-01 15:35:56] EDIT Cooking_Recipies/controllers/default.py: 0
[2016-05-01 15:38:13] EDIT Cooking_Recipies/controllers/default.py: 0
[2016-05-01 15:39:14] EDIT Cooking_Recipies/controllers/default.py: 0
